c:\users\jeffa\desktop\2d-music-game\win32\gf2d\release\vc141.pdb
c:\users\jeffa\desktop\2d-music-game\win32\gf2d\release\gf2d_elements.obj
c:\users\jeffa\desktop\2d-music-game\win32\gf2d\release\gf2d_dynamic_body.obj
c:\users\jeffa\desktop\2d-music-game\win32\gf2d\release\gf2d_draw.obj
c:\users\jeffa\desktop\2d-music-game\win32\gf2d\release\gf2d_config.obj
c:\users\jeffa\desktop\2d-music-game\win32\gf2d\release\gf2d_color.obj
c:\users\jeffa\desktop\2d-music-game\win32\gf2d\release\gf2d_collision.obj
c:\users\jeffa\desktop\2d-music-game\win32\gf2d\release\gf2d_callbacks.obj
c:\users\jeffa\desktop\2d-music-game\win32\gf2d\release\gf2d_body.obj
c:\users\jeffa\desktop\2d-music-game\win32\gf2d\release\gf2d_audio.obj
c:\users\jeffa\desktop\2d-music-game\win32\gf2d\release\gf2d_actor.obj
c:\users\jeffa\desktop\2d-music-game\win32\gf2d\release\game.obj
c:\users\jeffa\desktop\2d-music-game\win32\gf2d\release\fret.obj
c:\users\jeffa\desktop\2d-music-game\win32\gf2d\release\camera.obj
c:\users\jeffa\desktop\2d-music-game\win32\gf2d\release\simple_json_string.obj
c:\users\jeffa\desktop\2d-music-game\win32\gf2d\release\simple_json_parse.obj
c:\users\jeffa\desktop\2d-music-game\win32\gf2d\release\simple_json_object.obj
c:\users\jeffa\desktop\2d-music-game\win32\gf2d\release\simple_json_list.obj
c:\users\jeffa\desktop\2d-music-game\win32\gf2d\release\simple_json_error.obj
c:\users\jeffa\desktop\2d-music-game\win32\gf2d\release\simple_json_array.obj
c:\users\jeffa\desktop\2d-music-game\win32\gf2d\release\simple_json.obj
c:\users\jeffa\desktop\2d-music-game\win32\gf2d\release\simple_logger.obj
c:\users\jeffa\desktop\2d-music-game\win32\gf2d\release\player.obj
c:\users\jeffa\desktop\2d-music-game\win32\gf2d\release\level.obj
c:\users\jeffa\desktop\2d-music-game\win32\gf2d\release\gf2d_windows.obj
c:\users\jeffa\desktop\2d-music-game\win32\gf2d\release\gf2d_vector.obj
c:\users\jeffa\desktop\2d-music-game\win32\gf2d\release\gf2d_text.obj
c:\users\jeffa\desktop\2d-music-game\win32\gf2d\release\gf2d_sprite.obj
c:\users\jeffa\desktop\2d-music-game\win32\gf2d\release\gf2d_space.obj
c:\users\jeffa\desktop\2d-music-game\win32\gf2d\release\gf2d_shape.obj
c:\users\jeffa\desktop\2d-music-game\win32\gf2d\release\gf2d_particles.obj
c:\users\jeffa\desktop\2d-music-game\win32\gf2d\release\gf2d_mouse.obj
c:\users\jeffa\desktop\2d-music-game\win32\gf2d\release\gf2d_list.obj
c:\users\jeffa\desktop\2d-music-game\win32\gf2d\release\gf2d_input.obj
c:\users\jeffa\desktop\2d-music-game\win32\gf2d\release\gf2d_graphics.obj
c:\users\jeffa\desktop\2d-music-game\win32\gf2d\release\gf2d_entity.obj
c:\users\jeffa\desktop\2d-music-game\win32\gf2d\release\gf2d_element_list.obj
c:\users\jeffa\desktop\2d-music-game\win32\gf2d\release\gf2d_element_label.obj
c:\users\jeffa\desktop\2d-music-game\win32\gf2d\release\gf2d_element_entry.obj
c:\users\jeffa\desktop\2d-music-game\win32\gf2d\release\gf2d_element_button.obj
c:\users\jeffa\desktop\2d-music-game\win32\gf2d\release\gf2d_element_actor.obj
c:\users\jeffa\desktop\2d-music-game\win32\gf2d\release\windows_common.obj
c:\users\jeffa\desktop\2d-music-game\gf2d.ipdb
c:\users\jeffa\desktop\2d-music-game\gf2d.iobj
c:\users\jeffa\desktop\2d-music-game\win32\gf2d\..\..\gf2d.exe
c:\users\jeffa\desktop\2d-music-game\win32\gf2d\release\gf2d.tlog\cl.command.1.tlog
c:\users\jeffa\desktop\2d-music-game\win32\gf2d\release\gf2d.tlog\cl.read.1.tlog
c:\users\jeffa\desktop\2d-music-game\win32\gf2d\release\gf2d.tlog\cl.write.1.tlog
c:\users\jeffa\desktop\2d-music-game\win32\gf2d\release\gf2d.tlog\gf2d.write.1u.tlog
c:\users\jeffa\desktop\2d-music-game\win32\gf2d\release\gf2d.tlog\link.command.1.tlog
c:\users\jeffa\desktop\2d-music-game\win32\gf2d\release\gf2d.tlog\link.read.1.tlog
c:\users\jeffa\desktop\2d-music-game\win32\gf2d\release\gf2d.tlog\link.write.1.tlog
